GC Precious Log:
 CardTable entry size: 512
 CPUs: 4 total, 4 available
 Memory: 24410M
 Large Page Support: Disabled
 NUMA Support: Disabled
 Compressed Oops: Enabled (32-bit)
 Alignments: Space 512K, Generation 512K, Heap 2M
 Heap Min Capacity: 100M
 Heap Initial Capacity: 100M
 Heap Max Capacity: 2G
 Pre-touch: Disabled
 Parallel Workers: 4
Heap:
 PSYoungGen      total 20992K, used 3620K [0x00000000d5580000, 0x00000000d6e80000, 0x0000000100000000)
  eden space 20480K, 17% used [0x00000000d5580000,0x00000000d58e9050,0x00000000d6980000)
  from space 512K, 25% used [0x00000000d6e00000,0x00000000d6e20000,0x00000000d6e80000)
  to   space 512K, 0% used [0x00000000d6d80000,0x00000000d6d80000,0x00000000d6e00000)
 ParOldGen       total 68608K, used 46883K [0x0000000080000000, 0x0000000084300000, 0x00000000d5580000)
  object space 68608K, 68% used [0x0000000080000000,0x0000000082dc8dd8,0x0000000084300000)
 Metaspace       used 69614K, committed 71040K, reserved 1114112K
  class space    used 8678K, committed 9344K, reserved 1048576K
GC Heap History (20 events):
Event: 97.752 GC heap before
{Heap before GC invocations=40 (full 3):
 PSYoungGen      total 20992K, used 20704K [0x00000000d5580000, 0x00000000d7000000, 0x0000000100000000)
  eden space 20480K, 100% used [0x00000000d5580000,0x00000000d6980000,0x00000000d6980000)
  from space 512K, 43% used [0x00000000d6f80000,0x00000000d6fb8000,0x00000000d7000000)
  to   space 512K, 0% used [0x00000000d6f00000,0x00000000d6f00000,0x00000000d6f80000)
 ParOldGen       total 68608K, used 40700K [0x0000000080000000, 0x0000000084300000, 0x00000000d5580000)
  object space 68608K, 59% used [0x0000000080000000,0x00000000827bf350,0x0000000084300000)
 Metaspace       used 65322K, committed 66688K, reserved 1114112K
  class space    used 8167K, committed 8768K, reserved 1048576K
}
Event: 97.754 GC heap after
{Heap after GC invocations=40 (full 3):
 PSYoungGen      total 20992K, used 495K [0x00000000d5580000, 0x00000000d7000000, 0x0000000100000000)
  eden space 20480K, 0% used [0x00000000d5580000,0x00000000d5580000,0x00000000d6980000)
  from space 512K, 96% used [0x00000000d6f00000,0x00000000d6f7bf48,0x00000000d6f80000)
  to   space 512K, 0% used [0x00000000d6f80000,0x00000000d6f80000,0x00000000d7000000)
 ParOldGen       total 68608K, used 41296K [0x0000000080000000, 0x0000000084300000, 0x00000000d5580000)
  object space 68608K, 60% used [0x0000000080000000,0x0000000082854370,0x0000000084300000)
 Metaspace       used 65322K, committed 66688K, reserved 1114112K
  class space    used 8167K, committed 8768K, reserved 1048576K
}
Event: 97.962 GC heap before
{Heap before GC invocations=41 (full 3):
 PSYoungGen      total 20992K, used 20975K [0x00000000d5580000, 0x00000000d7000000, 0x0000000100000000)
  eden space 20480K, 100% used [0x00000000d5580000,0x00000000d6980000,0x00000000d6980000)
  from space 512K, 96% used [0x00000000d6f00000,0x00000000d6f7bf48,0x00000000d6f80000)
  to   space 512K, 0% used [0x00000000d6f80000,0x00000000d6f80000,0x00000000d7000000)
 ParOldGen       total 68608K, used 41296K [0x0000000080000000, 0x0000000084300000, 0x00000000d5580000)
  object space 68608K, 60% used [0x0000000080000000,0x0000000082854370,0x0000000084300000)
 Metaspace       used 65322K, committed 66688K, reserved 1114112K
  class space    used 8167K, committed 8768K, reserved 1048576K
}
Event: 97.963 GC heap after
{Heap after GC invocations=41 (full 3):
 PSYoungGen      total 20992K, used 507K [0x00000000d5580000, 0x00000000d7000000, 0x0000000100000000)
  eden space 20480K, 0% used [0x00000000d5580000,0x00000000d5580000,0x00000000d6980000)
  from space 512K, 99% used [0x00000000d6f80000,0x00000000d6ffee98,0x00000000d7000000)
  to   space 1536K, 0% used [0x00000000d6d00000,0x00000000d6d00000,0x00000000d6e80000)
 ParOldGen       total 68608K, used 41795K [0x0000000080000000, 0x0000000084300000, 0x00000000d5580000)
  object space 68608K, 60% used [0x0000000080000000,0x00000000828d0ca8,0x0000000084300000)
 Metaspace       used 65322K, committed 66688K, reserved 1114112K
  class space    used 8167K, committed 8768K, reserved 1048576K
}
Event: 98.187 GC heap before
{Heap before GC invocations=42 (full 3):
 PSYoungGen      total 20992K, used 20987K [0x00000000d5580000, 0x00000000d7000000, 0x0000000100000000)
  eden space 20480K, 100% used [0x00000000d5580000,0x00000000d6980000,0x00000000d6980000)
  from space 512K, 99% used [0x00000000d6f80000,0x00000000d6ffee98,0x00000000d7000000)
  to   space 1536K, 0% used [0x00000000d6d00000,0x00000000d6d00000,0x00000000d6e80000)
 ParOldGen       total 68608K, used 41795K [0x0000000080000000, 0x0000000084300000, 0x00000000d5580000)
  object space 68608K, 60% used [0x0000000080000000,0x00000000828d0ca8,0x0000000084300000)
 Metaspace       used 65322K, committed 66688K, reserved 1114112K
  class space    used 8167K, committed 8768K, reserved 1048576K
}
Event: 98.188 GC heap after
{Heap after GC invocations=42 (full 3):
 PSYoungGen      total 22016K, used 192K [0x00000000d5580000, 0x00000000d7000000, 0x0000000100000000)
  eden space 20480K, 0% used [0x00000000d5580000,0x00000000d5580000,0x00000000d6980000)
  from space 1536K, 12% used [0x00000000d6d00000,0x00000000d6d30000,0x00000000d6e80000)
  to   space 512K, 0% used [0x00000000d6f80000,0x00000000d6f80000,0x00000000d7000000)
 ParOldGen       total 68608K, used 41859K [0x0000000080000000, 0x0000000084300000, 0x00000000d5580000)
  object space 68608K, 61% used [0x0000000080000000,0x00000000828e0cb8,0x0000000084300000)
 Metaspace       used 65322K, committed 66688K, reserved 1114112K
  class space    used 8167K, committed 8768K, reserved 1048576K
}
Event: 98.377 GC heap before
{Heap before GC invocations=43 (full 3):
 PSYoungGen      total 22016K, used 20672K [0x00000000d5580000, 0x00000000d7000000, 0x0000000100000000)
  eden space 20480K, 100% used [0x00000000d5580000,0x00000000d6980000,0x00000000d6980000)
  from space 1536K, 12% used [0x00000000d6d00000,0x00000000d6d30000,0x00000000d6e80000)
  to   space 512K, 0% used [0x00000000d6f80000,0x00000000d6f80000,0x00000000d7000000)
 ParOldGen       total 68608K, used 41859K [0x0000000080000000, 0x0000000084300000, 0x00000000d5580000)
  object space 68608K, 61% used [0x0000000080000000,0x00000000828e0cb8,0x0000000084300000)
 Metaspace       used 65322K, committed 66688K, reserved 1114112K
  class space    used 8167K, committed 8768K, reserved 1048576K
}
Event: 98.377 GC heap after
{Heap after GC invocations=43 (full 3):
 PSYoungGen      total 20992K, used 213K [0x00000000d5580000, 0x00000000d7000000, 0x0000000100000000)
  eden space 20480K, 0% used [0x00000000d5580000,0x00000000d5580000,0x00000000d6980000)
  from space 512K, 41% used [0x00000000d6f80000,0x00000000d6fb56b8,0x00000000d7000000)
  to   space 512K, 0% used [0x00000000d6f00000,0x00000000d6f00000,0x00000000d6f80000)
 ParOldGen       total 68608K, used 42027K [0x0000000080000000, 0x0000000084300000, 0x00000000d5580000)
  object space 68608K, 61% used [0x0000000080000000,0x000000008290afb8,0x0000000084300000)
 Metaspace       used 65322K, committed 66688K, reserved 1114112K
  class space    used 8167K, committed 8768K, reserved 1048576K
}
Event: 124.657 GC heap before
{Heap before GC invocations=44 (full 3):
 PSYoungGen      total 20992K, used 20693K [0x00000000d5580000, 0x00000000d7000000, 0x0000000100000000)
  eden space 20480K, 100% used [0x00000000d5580000,0x00000000d6980000,0x00000000d6980000)
  from space 512K, 41% used [0x00000000d6f80000,0x00000000d6fb56b8,0x00000000d7000000)
  to   space 512K, 0% used [0x00000000d6f00000,0x00000000d6f00000,0x00000000d6f80000)
 ParOldGen       total 68608K, used 42027K [0x0000000080000000, 0x0000000084300000, 0x00000000d5580000)
  object space 68608K, 61% used [0x0000000080000000,0x000000008290afb8,0x0000000084300000)
 Metaspace       used 66898K, committed 68224K, reserved 1114112K
  class space    used 8365K, committed 8960K, reserved 1048576K
}
Event: 124.659 GC heap after
{Heap after GC invocations=44 (full 3):
 PSYoungGen      total 20992K, used 416K [0x00000000d5580000, 0x00000000d7000000, 0x0000000100000000)
  eden space 20480K, 0% used [0x00000000d5580000,0x00000000d5580000,0x00000000d6980000)
  from space 512K, 81% used [0x00000000d6f00000,0x00000000d6f68000,0x00000000d6f80000)
  to   space 512K, 0% used [0x00000000d6f80000,0x00000000d6f80000,0x00000000d7000000)
 ParOldGen       total 68608K, used 42075K [0x0000000080000000, 0x0000000084300000, 0x00000000d5580000)
  object space 68608K, 61% used [0x0000000080000000,0x0000000082916fc8,0x0000000084300000)
 Metaspace       used 66898K, committed 68224K, reserved 1114112K
  class space    used 8365K, committed 8960K, reserved 1048576K
}
Event: 135.459 GC heap before
{Heap before GC invocations=45 (full 3):
 PSYoungGen      total 20992K, used 20896K [0x00000000d5580000, 0x00000000d7000000, 0x0000000100000000)
  eden space 20480K, 100% used [0x00000000d5580000,0x00000000d6980000,0x00000000d6980000)
  from space 512K, 81% used [0x00000000d6f00000,0x00000000d6f68000,0x00000000d6f80000)
  to   space 512K, 0% used [0x00000000d6f80000,0x00000000d6f80000,0x00000000d7000000)
 ParOldGen       total 68608K, used 42075K [0x0000000080000000, 0x0000000084300000, 0x00000000d5580000)
  object space 68608K, 61% used [0x0000000080000000,0x0000000082916fc8,0x0000000084300000)
 Metaspace       used 67248K, committed 68608K, reserved 1114112K
  class space    used 8410K, committed 9024K, reserved 1048576K
}
Event: 135.463 GC heap after
{Heap after GC invocations=45 (full 3):
 PSYoungGen      total 20992K, used 485K [0x00000000d5580000, 0x00000000d7000000, 0x0000000100000000)
  eden space 20480K, 0% used [0x00000000d5580000,0x00000000d5580000,0x00000000d6980000)
  from space 512K, 94% used [0x00000000d6f80000,0x00000000d6ff95c8,0x00000000d7000000)
  to   space 1536K, 0% used [0x00000000d6d00000,0x00000000d6d00000,0x00000000d6e80000)
 ParOldGen       total 68608K, used 42760K [0x0000000080000000, 0x0000000084300000, 0x00000000d5580000)
  object space 68608K, 62% used [0x0000000080000000,0x00000000829c2268,0x0000000084300000)
 Metaspace       used 67248K, committed 68608K, reserved 1114112K
  class space    used 8410K, committed 9024K, reserved 1048576K
}
Event: 138.049 GC heap before
{Heap before GC invocations=46 (full 3):
 PSYoungGen      total 20992K, used 20952K [0x00000000d5580000, 0x00000000d7000000, 0x0000000100000000)
  eden space 20480K, 99% used [0x00000000d5580000,0x00000000d697cb98,0x00000000d6980000)
  from space 512K, 94% used [0x00000000d6f80000,0x00000000d6ff95c8,0x00000000d7000000)
  to   space 1536K, 0% used [0x00000000d6d00000,0x00000000d6d00000,0x00000000d6e80000)
 ParOldGen       total 68608K, used 42760K [0x0000000080000000, 0x0000000084300000, 0x00000000d5580000)
  object space 68608K, 62% used [0x0000000080000000,0x00000000829c2268,0x0000000084300000)
 Metaspace       used 67774K, committed 69120K, reserved 1114112K
  class space    used 8475K, committed 9088K, reserved 1048576K
}
Event: 138.052 GC heap after
{Heap after GC invocations=46 (full 3):
 PSYoungGen      total 22016K, used 1515K [0x00000000d5580000, 0x00000000d7280000, 0x0000000100000000)
  eden space 20480K, 0% used [0x00000000d5580000,0x00000000d5580000,0x00000000d6980000)
  from space 1536K, 98% used [0x00000000d6d00000,0x00000000d6e7af88,0x00000000d6e80000)
  to   space 4096K, 0% used [0x00000000d6e80000,0x00000000d6e80000,0x00000000d7280000)
 ParOldGen       total 68608K, used 44910K [0x0000000080000000, 0x0000000084300000, 0x00000000d5580000)
  object space 68608K, 65% used [0x0000000080000000,0x0000000082bdbba0,0x0000000084300000)
 Metaspace       used 67774K, committed 69120K, reserved 1114112K
  class space    used 8475K, committed 9088K, reserved 1048576K
}
Event: 140.155 GC heap before
{Heap before GC invocations=47 (full 3):
 PSYoungGen      total 22016K, used 21986K [0x00000000d5580000, 0x00000000d7280000, 0x0000000100000000)
  eden space 20480K, 99% used [0x00000000d5580000,0x00000000d697dab0,0x00000000d6980000)
  from space 1536K, 98% used [0x00000000d6d00000,0x00000000d6e7af88,0x00000000d6e80000)
  to   space 4096K, 0% used [0x00000000d6e80000,0x00000000d6e80000,0x00000000d7280000)
 ParOldGen       total 68608K, used 44910K [0x0000000080000000, 0x0000000084300000, 0x00000000d5580000)
  object space 68608K, 65% used [0x0000000080000000,0x0000000082bdbba0,0x0000000084300000)
 Metaspace       used 67929K, committed 69312K, reserved 1114112K
  class space    used 8488K, committed 9088K, reserved 1048576K
}
Event: 140.157 GC heap after
{Heap after GC invocations=47 (full 3):
 PSYoungGen      total 20992K, used 314K [0x00000000d5580000, 0x00000000d6f00000, 0x0000000100000000)
  eden space 20480K, 0% used [0x00000000d5580000,0x00000000d5580000,0x00000000d6980000)
  from space 512K, 61% used [0x00000000d6e80000,0x00000000d6eceab0,0x00000000d6f00000)
  to   space 1536K, 0% used [0x00000000d6c00000,0x00000000d6c00000,0x00000000d6d80000)
 ParOldGen       total 68608K, used 46353K [0x0000000080000000, 0x0000000084300000, 0x00000000d5580000)
  object space 68608K, 67% used [0x0000000080000000,0x0000000082d44720,0x0000000084300000)
 Metaspace       used 67929K, committed 69312K, reserved 1114112K
  class space    used 8488K, committed 9088K, reserved 1048576K
}
Event: 142.746 GC heap before
{Heap before GC invocations=48 (full 3):
 PSYoungGen      total 20992K, used 20794K [0x00000000d5580000, 0x00000000d6f00000, 0x0000000100000000)
  eden space 20480K, 100% used [0x00000000d5580000,0x00000000d6980000,0x00000000d6980000)
  from space 512K, 61% used [0x00000000d6e80000,0x00000000d6eceab0,0x00000000d6f00000)
  to   space 1536K, 0% used [0x00000000d6c00000,0x00000000d6c00000,0x00000000d6d80000)
 ParOldGen       total 68608K, used 46353K [0x0000000080000000, 0x0000000084300000, 0x00000000d5580000)
  object space 68608K, 67% used [0x0000000080000000,0x0000000082d44720,0x0000000084300000)
 Metaspace       used 69136K, committed 70592K, reserved 1114112K
  class space    used 8632K, committed 9280K, reserved 1048576K
}
Event: 142.748 GC heap after
{Heap after GC invocations=48 (full 3):
 PSYoungGen      total 22016K, used 600K [0x00000000d5580000, 0x00000000d6f00000, 0x0000000100000000)
  eden space 20480K, 0% used [0x00000000d5580000,0x00000000d5580000,0x00000000d6980000)
  from space 1536K, 39% used [0x00000000d6c00000,0x00000000d6c961a8,0x00000000d6d80000)
  to   space 1024K, 0% used [0x00000000d6e00000,0x00000000d6e00000,0x00000000d6f00000)
 ParOldGen       total 68608K, used 46449K [0x0000000080000000, 0x0000000084300000, 0x00000000d5580000)
  object space 68608K, 67% used [0x0000000080000000,0x0000000082d5c720,0x0000000084300000)
 Metaspace       used 69136K, committed 70592K, reserved 1114112K
  class space    used 8632K, committed 9280K, reserved 1048576K
}
Event: 394.774 GC heap before
{Heap before GC invocations=49 (full 3):
 PSYoungGen      total 22016K, used 21075K [0x00000000d5580000, 0x00000000d6f00000, 0x0000000100000000)
  eden space 20480K, 99% used [0x00000000d5580000,0x00000000d697ec58,0x00000000d6980000)
  from space 1536K, 39% used [0x00000000d6c00000,0x00000000d6c961a8,0x00000000d6d80000)
  to   space 1024K, 0% used [0x00000000d6e00000,0x00000000d6e00000,0x00000000d6f00000)
 ParOldGen       total 68608K, used 46449K [0x0000000080000000, 0x0000000084300000, 0x00000000d5580000)
  object space 68608K, 67% used [0x0000000080000000,0x0000000082d5c720,0x0000000084300000)
 Metaspace       used 69439K, committed 70912K, reserved 1114112K
  class space    used 8670K, committed 9344K, reserved 1048576K
}
Event: 394.776 GC heap after
{Heap after GC invocations=49 (full 3):
 PSYoungGen      total 20992K, used 128K [0x00000000d5580000, 0x00000000d6e80000, 0x0000000100000000)
  eden space 20480K, 0% used [0x00000000d5580000,0x00000000d5580000,0x00000000d6980000)
  from space 512K, 25% used [0x00000000d6e00000,0x00000000d6e20000,0x00000000d6e80000)
  to   space 512K, 0% used [0x00000000d6d80000,0x00000000d6d80000,0x00000000d6e00000)
 ParOldGen       total 68608K, used 46883K [0x0000000080000000, 0x0000000084300000, 0x00000000d5580000)
  object space 68608K, 68% used [0x0000000080000000,0x0000000082dc8dd8,0x0000000084300000)
 Metaspace       used 69439K, committed 70912K, reserved 1114112K
  class space    used 8670K, committed 9344K, reserved 1048576K
}

